<?xml version="1.0" encoding="UTF-8"?>
<testng-results skipped="0" failed="0" ignored="0" total="1" passed="1">
  <reporter-output>
  </reporter-output>
  <suite name="Default suite" duration-ms="1849" started-at="2021-12-03T07:10:24Z" finished-at="2021-12-03T07:10:26Z">
    <groups>
    </groups>
    <test name="Default test" duration-ms="1849" started-at="2021-12-03T07:10:24Z" finished-at="2021-12-03T07:10:26Z">
      <class name="test.PostRequest">
        <test-method status="PASS" signature="PostCall()[pri:0, instance:test.PostRequest@22eeefeb]" name="PostCall" duration-ms="1825" started-at="2021-12-03T07:10:24Z" finished-at="2021-12-03T07:10:26Z">
          <reporter-output>
          </reporter-output>
        </test-method> <!-- PostCall -->
      </class> <!-- test.PostRequest -->
    </test> <!-- Default test -->
  </suite> <!-- Default suite -->
</testng-results>
